d:\github\c\usr\liteconsole32\out\debug.x86\vc142.pdb
d:\github\c\usr\liteconsole32\out\debug.x86\vc142.idb
d:\github\c\usr\liteconsole32\out\debug.x86\__nwebsocket.obj
d:\github\c\usr\liteconsole32\out\debug.x86\__nsocket.obj
d:\github\c\usr\liteconsole32\out\debug.x86\__nserial.obj
d:\github\c\usr\liteconsole32\out\debug.x86\__wtray.obj
d:\github\c\usr\liteconsole32\out\debug.x86\__wcommon.obj
d:\github\c\usr\liteconsole32\out\debug.x86\__util.obj
d:\github\c\usr\liteconsole32\out\debug.x86\xm.obj
d:\github\c\usr\liteconsole32\out\debug.x86\wwsgw.obj
d:\github\c\usr\liteconsole32\out\debug.x86\wwsc.obj
d:\github\c\usr\liteconsole32\out\debug.x86\wprime.obj
d:\github\c\usr\liteconsole32\out\debug.x86\wmtif.obj
d:\github\c\usr\liteconsole32\out\debug.x86\wdrawwnd.obj
d:\github\c\usr\liteconsole32\out\debug.x86\wbitmap.obj
d:\github\c\usr\liteconsole32\out\liteconsole32.exe
d:\github\c\usr\liteconsole32\out\liteconsole32.pdb
d:\github\c\usr\liteconsole32\out\liteconsole32.lib
d:\github\c\usr\liteconsole32\out\liteconsole32.exp
d:\github\c\usr\liteconsole32\out\debug.x86\liteconsole32.res
d:\github\c\usr\liteconsole32\out\debug.x86\liteconsole32.tlog\cl.command.1.tlog
d:\github\c\usr\liteconsole32\out\debug.x86\liteconsole32.tlog\cl.read.1.tlog
d:\github\c\usr\liteconsole32\out\debug.x86\liteconsole32.tlog\cl.write.1.tlog
d:\github\c\usr\liteconsole32\out\debug.x86\liteconsole32.tlog\link.command.1.tlog
d:\github\c\usr\liteconsole32\out\debug.x86\liteconsole32.tlog\link.read.1.tlog
d:\github\c\usr\liteconsole32\out\debug.x86\liteconsole32.tlog\link.write.1.tlog
d:\github\c\usr\liteconsole32\out\debug.x86\liteconsole32.tlog\liteconsole32.write.1u.tlog
d:\github\c\usr\liteconsole32\out\debug.x86\liteconsole32.tlog\rc.command.1.tlog
d:\github\c\usr\liteconsole32\out\debug.x86\liteconsole32.tlog\rc.read.1.tlog
d:\github\c\usr\liteconsole32\out\debug.x86\liteconsole32.tlog\rc.write.1.tlog
